This is pdfeTeX, Version 3.141592-1.30.6-2.2 (MiKTeX 2.5) (preloaded format=latex 2007.2.9)  11 MAY 2007 15:44
entering extended mode
**howtobookb.tex
(howtobookb.tex
LaTeX2e <2005/12/01>
Babel <v3.8g> and hyphenation patterns for english, dumylang, nohyphenation, ge
rman, ngerman, french, loaded.
("C:\Program Files\MiKTeX 2.5\tex\latex\base\article.cls"
Document Class: article 2005/09/16 v1.4f Standard LaTeX document class
("C:\Program Files\MiKTeX 2.5\tex\latex\base\size10.clo"
File: size10.clo 2005/09/16 v1.4f Standard LaTeX file (size option)
)
\c@part=\count79
\c@section=\count80
\c@subsection=\count81
\c@subsubsection=\count82
\c@paragraph=\count83
\c@subparagraph=\count84
\c@figure=\count85
\c@table=\count86
\abovecaptionskip=\skip41
\belowcaptionskip=\skip42
\bibindent=\dimen102
)
("C:\Program Files\MiKTeX 2.5\tex\latex\graphics\graphicx.sty"
Package: graphicx 1999/02/16 v1.0f Enhanced LaTeX Graphics (DPC,SPQR)

("C:\Program Files\MiKTeX 2.5\tex\latex\graphics\keyval.sty"
Package: keyval 1999/03/16 v1.13 key=value parser (DPC)
\KV@toks@=\toks14
)
("C:\Program Files\MiKTeX 2.5\tex\latex\graphics\graphics.sty"
Package: graphics 2006/02/20 v1.0o Standard LaTeX Graphics (DPC,SPQR)

("C:\Program Files\MiKTeX 2.5\tex\latex\graphics\trig.sty"
Package: trig 1999/03/16 v1.09 sin cos tan (DPC)
)
("C:\Program Files\MiKTeX 2.5\tex\latex\00miktex\graphics.cfg"
File: graphics.cfg 2005/12/29 v1.2 MiKTeX 'graphics' configuration
)
Package graphics Info: Driver file: dvips.def on input line 90.

("C:\Program Files\MiKTeX 2.5\tex\latex\graphics\dvips.def"
File: dvips.def 1999/02/16 v3.0i Driver-dependant file (DPC,SPQR)
))
\Gin@req@height=\dimen103
\Gin@req@width=\dimen104
)
("C:\Program Files\MiKTeX 2.5\tex\latex\amsmath\amsmath.sty"
Package: amsmath 2000/07/18 v2.13 AMS math features
\@mathmargin=\skip43

For additional information on amsmath, use the `?' option.
("C:\Program Files\MiKTeX 2.5\tex\latex\amsmath\amstext.sty"
Package: amstext 2000/06/29 v2.01

("C:\Program Files\MiKTeX 2.5\tex\latex\amsmath\amsgen.sty"
File: amsgen.sty 1999/11/30 v2.0
\@emptytoks=\toks15
\ex@=\dimen105
))
("C:\Program Files\MiKTeX 2.5\tex\latex\amsmath\amsbsy.sty"
Package: amsbsy 1999/11/29 v1.2d
\pmbraise@=\dimen106
)
("C:\Program Files\MiKTeX 2.5\tex\latex\amsmath\amsopn.sty"
Package: amsopn 1999/12/14 v2.01 operator names
)
\inf@bad=\count87
LaTeX Info: Redefining \frac on input line 211.
\uproot@=\count88
\leftroot@=\count89
LaTeX Info: Redefining \overline on input line 307.
\classnum@=\count90
\DOTSCASE@=\count91
LaTeX Info: Redefining \ldots on input line 379.
LaTeX Info: Redefining \dots on input line 382.
LaTeX Info: Redefining \cdots on input line 467.
\Mathstrutbox@=\box26
\strutbox@=\box27
\big@size=\dimen107
LaTeX Font Info:    Redeclaring font encoding OML on input line 567.
LaTeX Font Info:    Redeclaring font encoding OMS on input line 568.
\macc@depth=\count92
\c@MaxMatrixCols=\count93
\dotsspace@=\muskip10
\c@parentequation=\count94
\dspbrk@lvl=\count95
\tag@help=\toks16
\row@=\count96
\column@=\count97
\maxfields@=\count98
\andhelp@=\toks17
\eqnshift@=\dimen108
\alignsep@=\dimen109
\tagshift@=\dimen110
\tagwidth@=\dimen111
\totwidth@=\dimen112
\lineht@=\dimen113
\@envbody=\toks18
\multlinegap=\skip44
\multlinetaggap=\skip45
\mathdisplay@stack=\toks19
LaTeX Info: Redefining \[ on input line 2666.
LaTeX Info: Redefining \] on input line 2667.
) (tcilatex.tex
TCILATEX Macros for Scientific Word 5.0 <13 Feb 2003>.
NOTICE: This macro file is NOT proprietary and may be freely copied and distrib
uted.
\msipdfoutput=\count99
\@hour=\count100
\@minute=\count101
\GRAPHICSTYPE=\count102
\@msidraft=\count103
\dispkind=\count104
\c@chapter=\count105
\theight=\dimen114
LaTeX Info: Redefining \rm on input line 645.
LaTeX Info: Redefining \sf on input line 646.
LaTeX Info: Redefining \tt on input line 647.
LaTeX Info: Redefining \bf on input line 648.
LaTeX Info: Redefining \it on input line 649.
LaTeX Info: Redefining \sl on input line 650.
LaTeX Info: Redefining \sc on input line 651.
\c@theorem=\count106
\c@axiom=\count107
\c@remark=\count108
\c@example=\count109
\c@exercise=\count110
\c@definition=\count111
\c@equationnumber=\count112
) (howtobookb.aux)
LaTeX Font Info:    Checking defaults for OML/cmm/m/it on input line 21.
LaTeX Font Info:    ... okay on input line 21.
LaTeX Font Info:    Checking defaults for T1/cmr/m/n on input line 21.
LaTeX Font Info:    ... okay on input line 21.
LaTeX Font Info:    Checking defaults for OT1/cmr/m/n on input line 21.
LaTeX Font Info:    ... okay on input line 21.
LaTeX Font Info:    Checking defaults for OMS/cmsy/m/n on input line 21.
LaTeX Font Info:    ... okay on input line 21.
LaTeX Font Info:    Checking defaults for OMX/cmex/m/n on input line 21.
LaTeX Font Info:    ... okay on input line 21.
LaTeX Font Info:    Checking defaults for U/cmr/m/n on input line 21.
LaTeX Font Info:    ... okay on input line 21.
LaTeX Font Info:    Try loading font information for OMS+cmr on input line 52.
 ("C:\Program Files\MiKTeX 2.5\tex\latex\base\omscmr.fd"
File: omscmr.fd 1999/05/25 v2.5h Standard LaTeX font definitions
)
LaTeX Font Info:    Font shape `OMS/cmr/m/n' in size <10> not available
(Font)              Font shape `OMS/cmsy/m/n' tried instead on input line 52.

[1

] [2] [3] [4] [5] [6] [7] [8]
Overfull \hbox (2.9127pt too wide) detected at line 678
[] \OT1/cmr/m/n/10 = []
 []


Overfull \hbox (21.38516pt too wide) detected at line 686
[]
 []


LaTeX Font Warning: Command \tiny invalid in math mode on input line 695.


Overfull \hbox (41.16139pt too wide) in alignment at lines 692--697
 [][][] []
 []


Overfull \hbox (63.05002pt too wide) in alignment at lines 701--706
 [][][] []
 []

[9]
Overfull \hbox (2.74089pt too wide) in paragraph at lines 784--784
[]\OT1/cmtt/m/n/10 %[cilmc,ciumc,cilvar,ciuvar,var]=mkimpci(betaz,a0rec,nlags,e
rrshk,nstep,ndraws,nobs,pctg);[] 
 []


Overfull \hbox (76.24025pt too wide) in paragraph at lines 784--784
[]\OT1/cmtt/m/n/10 [cilvd,ciuvd,cilvarbv,ciuvarbv,varbv]=mkvdci(betaz,a0rec,nla
gs,errshk,nstep,ndraws,nobs,pctg,residuals);[] 
 []

[10] [11] [12] (howtobookb.aux) ) 
Here is how much of TeX's memory you used:
 1484 strings out of 95420
 15331 string characters out of 1187321
 69862 words of memory out of 1068954
 4612 multiletter control sequences out of 60000
 11449 words of font info for 43 fonts, out of 1000000 for 2000
 14 hyphenation exceptions out of 8191
 27i,12n,25p,207b,245s stack positions out of 5000i,500n,10000p,200000b,32768s

Output written on howtobookb.dvi (12 pages, 44832 bytes).
